#
# There is insufficient memory for the Java Runtime Environment to continue.
# Native memory allocation (malloc) failed to allocate 32744 bytes for ChunkPool::allocate
# Possible reasons:
#   The system is out of physical RAM or swap space
#   The process is running with CompressedOops enabled, and the Java Heap may be blocking the growth of the native heap
# Possible solutions:
#   Reduce memory load on the system
#   Increase physical memory or swap space
#   Check if swap backing store is full
#   Decrease Java heap size (-Xmx/-Xms)
#   Decrease number of Java threads
#   Decrease Java thread stack sizes (-Xss)
#   Set larger code cache with -XX:ReservedCodeCacheSize=
#   JVM is running with Unscaled Compressed Oops mode in which the Java heap is
#     placed in the first 4GB address space. The Java Heap base address is the
#     maximum limit for the native heap growth. Please use -XX:HeapBaseMinAddress
#     to set the Java Heap base and to place the Java Heap above 4GB virtual address.
# This output file may be truncated or incomplete.
#
#  Out of Memory Error (./src/hotspot/share/memory/arena.cpp:81), pid=72, tid=23680
#
# JRE version: OpenJDK Runtime Environment JBR-11.0.9.1.11-1145.77-jcef (11.0.9.1+11) (build 11.0.9.1+11-b1145.77)
# Java VM: OpenJDK 64-Bit Server VM JBR-11.0.9.1.11-1145.77-jcef (11.0.9.1+11-b1145.77, mixed mode, tiered, compressed oops, g1 gc, windows-amd64)
# No core dump will be written. Minidumps are not enabled by default on client versions of Windows
#

---------------  S U M M A R Y ------------

Command Line: org.jetbrains.git4idea.http.GitAskPassApp Password for 'https://omer56778@github.com': 

Host: Intel(R) Core(TM) i5-7200U CPU @ 2.50GHz, 4 cores, 7G,  Windows 10 , 64 bit Build 19041 (10.0.19041.804)
Time: Wed Apr 14 16:41:08 2021 שעון קיץ ירושלים elapsed time: 0.227686 seconds (0d 0h 0m 0s)

---------------  T H R E A D  ---------------

Current thread (0x000002287ea76000):  JavaThread "C1 CompilerThread0" daemon [_thread_in_native, id=23680, stack(0x0000005779000000,0x0000005779100000)]


Current CompileTask:
C1:    227  197       3       jdk.internal.org.objectweb.asm.Frame::execute (2264 bytes)

Stack: [0x0000005779000000,0x0000005779100000]
Native frames: (J=compiled Java code, j=interpreted, Vv=VM code, C=native code)
V  [jvm.dll+0x5edd9a]
V  [jvm.dll+0x7229c5]
V  [jvm.dll+0x723f1d]
V  [jvm.dll+0x7245d3]
V  [jvm.dll+0x2431b8]
V  [jvm.dll+0xbc59b]
V  [jvm.dll+0xbc84c]
V  [jvm.dll+0x14fcb0]
V  [jvm.dll+0x15bce9]
V  [jvm.dll+0x160c93]
V  [jvm.dll+0x14eebe]
V  [jvm.dll+0x13b440]
V  [jvm.dll+0x1238e0]
V  [jvm.dll+0x123479]
V  [jvm.dll+0x1235e3]
V  [jvm.dll+0x1228f7]
V  [jvm.dll+0x1244c7]
V  [jvm.dll+0x209957]
V  [jvm.dll+0x2081a1]
V  [jvm.dll+0x6eb73f]
V  [jvm.dll+0x6e42d5]
V  [jvm.dll+0x5ecd46]
C  [ucrtbase.dll+0x21bb2]
C  [KERNEL32.DLL+0x17034]
C  [ntdll.dll+0x52651]


---------------  P R O C E S S  ---------------

Threads class SMR info:
_java_thread_list=0x000002287f50fb40, length=10, elements={
0x0000022877db0800, 0x000002287ea4e800, 0x000002287ea4f800, 0x000002287ea6d800,
0x000002287ea6e000, 0x000002287ea6f800, 0x000002287ea76000, 0x000002287ea8d800,
0x000002287f527800, 0x000002287f52e800
}

Java Threads: ( => current thread )
  0x0000022877db0800 JavaThread "main" [_thread_in_Java, id=6720, stack(0x0000005778400000,0x0000005778500000)]
  0x000002287ea4e800 JavaThread "Reference Handler" daemon [_thread_blocked, id=3172, stack(0x0000005778b00000,0x0000005778c00000)]
  0x000002287ea4f800 JavaThread "Finalizer" daemon [_thread_blocked, id=15544, stack(0x0000005778c00000,0x0000005778d00000)]
  0x000002287ea6d800 JavaThread "Signal Dispatcher" daemon [_thread_blocked, id=13600, stack(0x0000005778d00000,0x0000005778e00000)]
  0x000002287ea6e000 JavaThread "Attach Listener" daemon [_thread_blocked, id=5428, stack(0x0000005778e00000,0x0000005778f00000)]
  0x000002287ea6f800 JavaThread "C2 CompilerThread0" daemon [_thread_blocked, id=29228, stack(0x0000005778f00000,0x0000005779000000)]
=>0x000002287ea76000 JavaThread "C1 CompilerThread0" daemon [_thread_in_native, id=23680, stack(0x0000005779000000,0x0000005779100000)]
  0x000002287ea8d800 JavaThread "Sweeper thread" daemon [_thread_blocked, id=14780, stack(0x0000005779100000,0x0000005779200000)]
  0x000002287f527800 JavaThread "Service Thread" daemon [_thread_blocked, id=18108, stack(0x0000005779200000,0x0000005779300000)]
  0x000002287f52e800 JavaThread "Common-Cleaner" daemon [_thread_blocked, id=18576, stack(0x0000005779400000,0x0000005779500000)]

Other Threads:
  0x000002287ea27800 VMThread "VM Thread" [stack: 0x0000005778a00000,0x0000005778b00000] [id=31276]
  0x000002287f528800 WatcherThread [stack: 0x0000005779300000,0x0000005779400000] [id=14132]
  0x0000022877dcb800 GCTaskThread "GC Thread#0" [stack: 0x0000005778500000,0x0000005778600000] [id=1892]
  0x0000022877dfc800 ConcurrentGCThread "G1 Main Marker" [stack: 0x0000005778600000,0x0000005778700000] [id=29040]
  0x0000022877dff800 ConcurrentGCThread "G1 Conc#0" [stack: 0x0000005778700000,0x0000005778800000] [id=16772]
  0x0000022877e7f800 ConcurrentGCThread "G1 Refine#0" [stack: 0x0000005778800000,0x0000005778900000] [id=9352]
  0x000002287e8a0800 ConcurrentGCThread "G1 Young RemSet Sampling" [stack: 0x0000005778900000,0x0000005778a00000] [id=2184]

Threads with active compile tasks:
C1 CompilerThread0    290  197       3       jdk.internal.org.objectweb.asm.Frame::execute (2264 bytes)

VM state:not at safepoint (normal execution)

VM Mutex/Monitor currently owned by a thread: None

Heap address: 0x0000000081c00000, size: 2020 MB, Compressed Oops mode: 32-bit
Narrow klass base: 0x0000000000000000, Narrow klass shift: 3
Compressed class space size: 1073741824 Address: 0x0000000100000000

Heap:
 garbage-first heap   total 131072K, used 3072K [0x0000000081c00000, 0x0000000100000000)
  region size 1024K, 5 young (5120K), 0 survivors (0K)
 Metaspace       used 6914K, capacity 7073K, committed 7168K, reserved 1056768K
  class space    used 627K, capacity 674K, committed 768K, reserved 1048576K
Heap Regions: E=young(eden), S=young(survivor), O=old, HS=humongous(starts), HC=humongous(continues), CS=collection set, F=free, A=archive, TAMS=top-at-mark-start (previous, next)
|   0|0x0000000081c00000, 0x0000000081c00000, 0x0000000081d00000|  0%| F|  |TAMS 0x0000000081c00000, 0x0000000081c00000| Untracked 
|   1|0x0000000081d00000, 0x0000000081d00000, 0x0000000081e00000|  0%| F|  |TAMS 0x0000000081d00000, 0x0000000081d00000| Untracked 
|   2|0x0000000081e00000, 0x0000000081e00000, 0x0000000081f00000|  0%| F|  |TAMS 0x0000000081e00000, 0x0000000081e00000| Untracked 
|   3|0x0000000081f00000, 0x0000000081f00000, 0x0000000082000000|  0%| F|  |TAMS 0x0000000081f00000, 0x0000000081f00000| Untracked 
|   4|0x0000000082000000, 0x0000000082000000, 0x0000000082100000|  0%| F|  |TAMS 0x0000000082000000, 0x0000000082000000| Untracked 
|   5|0x0000000082100000, 0x0000000082100000, 0x0000000082200000|  0%| F|  |TAMS 0x0000000082100000, 0x0000000082100000| Untracked 
|   6|0x0000000082200000, 0x0000000082200000, 0x0000000082300000|  0%| F|  |TAMS 0x0000000082200000, 0x0000000082200000| Untracked 
|   7|0x0000000082300000, 0x0000000082300000, 0x0000000082400000|  0%| F|  |TAMS 0x0000000082300000, 0x0000000082300000| Untracked 
|   8|0x0000000082400000, 0x0000000082400000, 0x0000000082500000|  0%| F|  |TAMS 0x0000000082400000, 0x0000000082400000| Untracked 
|   9|0x0000000082500000, 0x0000000082500000, 0x0000000082600000|  0%| F|  |TAMS 0x0000000082500000, 0x0000000082500000| Untracked 
|  10|0x0000000082600000, 0x0000000082600000, 0x0000000082700000|  0%| F|  |TAMS 0x0000000082600000, 0x0000000082600000| Untracked 
|  11|0x0000000082700000, 0x0000000082700000, 0x0000000082800000|  0%| F|  |TAMS 0x0000000082700000, 0x0000000082700000| Untracked 
|  12|0x0000000082800000, 0x0000000082800000, 0x0000000082900000|  0%| F|  |TAMS 0x0000000082800000, 0x0000000082800000| Untracked 
|  13|0x0000000082900000, 0x0000000082900000, 0x0000000082a00000|  0%| F|  |TAMS 0x0000000082900000, 0x0000000082900000| Untracked 
|  14|0x0000000082a00000, 0x0000000082a00000, 0x0000000082b00000|  0%| F|  |TAMS 0x0000000082a00000, 0x0000000082a00000| Untracked 
|  15|0x0000000082b00000, 0x0000000082b00000, 0x0000000082c00000|  0%| F|  |TAMS 0x0000000082b00000, 0x0000000082b00000| Untracked 
|  16|0x0000000082c00000, 0x0000000082c00000, 0x0000000082d00000|  0%| F|  |TAMS 0x0000000082c00000, 0x0000000082c00000| Untracked 
|  17|0x0000000082d00000, 0x0000000082d00000, 0x0000000082e00000|  0%| F|  |TAMS 0x0000000082d00000, 0x0000000082d00000| Untracked 
|  18|0x0000000082e00000, 0x0000000082e00000, 0x0000000082f00000|  0%| F|  |TAMS 0x0000000082e00000, 0x0000000082e00000| Untracked 
|  19|0x0000000082f00000, 0x0000000082f00000, 0x0000000083000000|  0%| F|  |TAMS 0x0000000082f00000, 0x0000000082f00000| Untracked 
|  20|0x0000000083000000, 0x0000000083000000, 0x0000000083100000|  0%| F|  |TAMS 0x0000000083000000, 0x0000000083000000| Untracked 
|  21|0x0000000083100000, 0x0000000083100000, 0x0000000083200000|  0%| F|  |TAMS 0x0000000083100000, 0x0000000083100000| Untracked 
|  22|0x0000000083200000, 0x0000000083200000, 0x0000000083300000|  0%| F|  |TAMS 0x0000000083200000, 0x0000000083200000| Untracked 
|  23|0x0000000083300000, 0x0000000083300000, 0x0000000083400000|  0%| F|  |TAMS 0x0000000083300000, 0x0000000083300000| Untracked 
|  24|0x0000000083400000, 0x0000000083400000, 0x0000000083500000|  0%| F|  |TAMS 0x0000000083400000, 0x0000000083400000| Untracked 
|  25|0x0000000083500000, 0x0000000083500000, 0x0000000083600000|  0%| F|  |TAMS 0x0000000083500000, 0x0000000083500000| Untracked 
|  26|0x0000000083600000, 0x0000000083600000, 0x0000000083700000|  0%| F|  |TAMS 0x0000000083600000, 0x0000000083600000| Untracked 
|  27|0x0000000083700000, 0x0000000083700000, 0x0000000083800000|  0%| F|  |TAMS 0x0000000083700000, 0x0000000083700000| Untracked 
|  28|0x0000000083800000, 0x0000000083800000, 0x0000000083900000|  0%| F|  |TAMS 0x0000000083800000, 0x0000000083800000| Untracked 
|  29|0x0000000083900000, 0x0000000083900000, 0x0000000083a00000|  0%| F|  |TAMS 0x0000000083900000, 0x0000000083900000| Untracked 
|  30|0x0000000083a00000, 0x0000000083a00000, 0x0000000083b00000|  0%| F|  |TAMS 0x0000000083a00000, 0x0000000083a00000| Untracked 
|  31|0x0000000083b00000, 0x0000000083b00000, 0x0000000083c00000|  0%| F|  |TAMS 0x0000000083b00000, 0x0000000083b00000| Untracked 
|  32|0x0000000083c00000, 0x0000000083c00000, 0x0000000083d00000|  0%| F|  |TAMS 0x0000000083c00000, 0x0000000083c00000| Untracked 
|  33|0x0000000083d00000, 0x0000000083d00000, 0x0000000083e00000|  0%| F|  |TAMS 0x0000000083d00000, 0x0000000083d00000| Untracked 
|  34|0x0000000083e00000, 0x0000000083e00000, 0x0000000083f00000|  0%| F|  |TAMS 0x0000000083e00000, 0x0000000083e00000| Untracked 
|  35|0x0000000083f00000, 0x0000000083f00000, 0x0000000084000000|  0%| F|  |TAMS 0x0000000083f00000, 0x0000000083f00000| Untracked 
|  36|0x0000000084000000, 0x0000000084000000, 0x0000000084100000|  0%| F|  |TAMS 0x0000000084000000, 0x0000000084000000| Untracked 
|  37|0x0000000084100000, 0x0000000084100000, 0x0000000084200000|  0%| F|  |TAMS 0x0000000084100000, 0x0000000084100000| Untracked 
|  38|0x0000000084200000, 0x0000000084200000, 0x0000000084300000|  0%| F|  |TAMS 0x0000000084200000, 0x0000000084200000| Untracked 
|  39|0x0000000084300000, 0x0000000084300000, 0x0000000084400000|  0%| F|  |TAMS 0x0000000084300000, 0x0000000084300000| Untracked 
|  40|0x0000000084400000, 0x0000000084400000, 0x0000000084500000|  0%| F|  |TAMS 0x0000000084400000, 0x0000000084400000| Untracked 
|  41|0x0000000084500000, 0x0000000084500000, 0x0000000084600000|  0%| F|  |TAMS 0x0000000084500000, 0x0000000084500000| Untracked 
|  42|0x0000000084600000, 0x0000000084600000, 0x0000000084700000|  0%| F|  |TAMS 0x0000000084600000, 0x0000000084600000| Untracked 
|  43|0x0000000084700000, 0x0000000084700000, 0x0000000084800000|  0%| F|  |TAMS 0x0000000084700000, 0x0000000084700000| Untracked 
|  44|0x0000000084800000, 0x0000000084800000, 0x0000000084900000|  0%| F|  |TAMS 0x0000000084800000, 0x0000000084800000| Untracked 
|  45|0x0000000084900000, 0x0000000084900000, 0x0000000084a00000|  0%| F|  |TAMS 0x0000000084900000, 0x0000000084900000| Untracked 
|  46|0x0000000084a00000, 0x0000000084a00000, 0x0000000084b00000|  0%| F|  |TAMS 0x0000000084a00000, 0x0000000084a00000| Untracked 
|  47|0x0000000084b00000, 0x0000000084b00000, 0x0000000084c00000|  0%| F|  |TAMS 0x0000000084b00000, 0x0000000084b00000| Untracked 
|  48|0x0000000084c00000, 0x0000000084c00000, 0x0000000084d00000|  0%| F|  |TAMS 0x0000000084c00000, 0x0000000084c00000| Untracked 
|  49|0x0000000084d00000, 0x0000000084d00000, 0x0000000084e00000|  0%| F|  |TAMS 0x0000000084d00000, 0x0000000084d00000| Untracked 
|  50|0x0000000084e00000, 0x0000000084e00000, 0x0000000084f00000|  0%| F|  |TAMS 0x0000000084e00000, 0x0000000084e00000| Untracked 
|  51|0x0000000084f00000, 0x0000000084f00000, 0x0000000085000000|  0%| F|  |TAMS 0x0000000084f00000, 0x0000000084f00000| Untracked 
|  52|0x0000000085000000, 0x0000000085000000, 0x0000000085100000|  0%| F|  |TAMS 0x0000000085000000, 0x0000000085000000| Untracked 
|  53|0x0000000085100000, 0x0000000085100000, 0x0000000085200000|  0%| F|  |TAMS 0x0000000085100000, 0x0000000085100000| Untracked 
|  54|0x0000000085200000, 0x0000000085200000, 0x0000000085300000|  0%| F|  |TAMS 0x0000000085200000, 0x0000000085200000| Untracked 
|  55|0x0000000085300000, 0x0000000085300000, 0x0000000085400000|  0%| F|  |TAMS 0x0000000085300000, 0x0000000085300000| Untracked 
|  56|0x0000000085400000, 0x0000000085400000, 0x0000000085500000|  0%| F|  |TAMS 0x0000000085400000, 0x0000000085400000| Untracked 
|  57|0x0000000085500000, 0x0000000085500000, 0x0000000085600000|  0%| F|  |TAMS 0x0000000085500000, 0x0000000085500000| Untracked 
|  58|0x0000000085600000, 0x0000000085600000, 0x0000000085700000|  0%| F|  |TAMS 0x0000000085600000, 0x0000000085600000| Untracked 
|  59|0x0000000085700000, 0x0000000085700000, 0x0000000085800000|  0%| F|  |TAMS 0x0000000085700000, 0x0000000085700000| Untracked 
|  60|0x0000000085800000, 0x0000000085800000, 0x0000000085900000|  0%| F|  |TAMS 0x0000000085800000, 0x0000000085800000| Untracked 
|  61|0x0000000085900000, 0x0000000085900000, 0x0000000085a00000|  0%| F|  |TAMS 0x0000000085900000, 0x0000000085900000| Untracked 
|  62|0x0000000085a00000, 0x0000000085a00000, 0x0000000085b00000|  0%| F|  |TAMS 0x0000000085a00000, 0x0000000085a00000| Untracked 
|  63|0x0000000085b00000, 0x0000000085b00000, 0x0000000085c00000|  0%| F|  |TAMS 0x0000000085b00000, 0x0000000085b00000| Untracked 
|  64|0x0000000085c00000, 0x0000000085c00000, 0x0000000085d00000|  0%| F|  |TAMS 0x0000000085c00000, 0x0000000085c00000| Untracked 
|  65|0x0000000085d00000, 0x0000000085d00000, 0x0000000085e00000|  0%| F|  |TAMS 0x0000000085d00000, 0x0000000085d00000| Untracked 
|  66|0x0000000085e00000, 0x0000000085e00000, 0x0000000085f00000|  0%| F|  |TAMS 0x0000000085e00000, 0x0000000085e00000| Untracked 
|  67|0x0000000085f00000, 0x0000000085f00000, 0x0000000086000000|  0%| F|  |TAMS 0x0000000085f00000, 0x0000000085f00000| Untracked 
|  68|0x0000000086000000, 0x0000000086000000, 0x0000000086100000|  0%| F|  |TAMS 0x0000000086000000, 0x0000000086000000| Untracked 
|  69|0x0000000086100000, 0x0000000086100000, 0x0000000086200000|  0%| F|  |TAMS 0x0000000086100000, 0x0000000086100000| Untracked 
|  70|0x0000000086200000, 0x0000000086200000, 0x0000000086300000|  0%| F|  |TAMS 0x0000000086200000, 0x0000000086200000| Untracked 
|  71|0x0000000086300000, 0x0000000086300000, 0x0000000086400000|  0%| F|  |TAMS 0x0000000086300000, 0x0000000086300000| Untracked 
|  72|0x0000000086400000, 0x0000000086400000, 0x0000000086500000|  0%| F|  |TAMS 0x0000000086400000, 0x0000000086400000| Untracked 
|  73|0x0000000086500000, 0x0000000086500000, 0x0000000086600000|  0%| F|  |TAMS 0x0000000086500000, 0x0000000086500000| Untracked 
|  74|0x0000000086600000, 0x0000000086600000, 0x0000000086700000|  0%| F|  |TAMS 0x0000000086600000, 0x0000000086600000| Untracked 
|  75|0x0000000086700000, 0x0000000086700000, 0x0000000086800000|  0%| F|  |TAMS 0x0000000086700000, 0x0000000086700000| Untracked 
|  76|0x0000000086800000, 0x0000000086800000, 0x0000000086900000|  0%| F|  |TAMS 0x0000000086800000, 0x0000000086800000| Untracked 
|  77|0x0000000086900000, 0x0000000086900000, 0x0000000086a00000|  0%| F|  |TAMS 0x0000000086900000, 0x0000000086900000| Untracked 
|  78|0x0000000086a00000, 0x0000000086a00000, 0x0000000086b00000|  0%| F|  |TAMS 0x0000000086a00000, 0x0000000086a00000| Untracked 
|  79|0x0000000086b00000, 0x0000000086b00000, 0x0000000086c00000|  0%| F|  |TAMS 0x0000000086b00000, 0x0000000086b00000| Untracked 
|  80|0x0000000086c00000, 0x0000000086c00000, 0x0000000086d00000|  0%| F|  |TAMS 0x0000000086c00000, 0x0000000086c00000| Untracked 
|  81|0x0000000086d00000, 0x0000000086d00000, 0x0000000086e00000|  0%| F|  |TAMS 0x0000000086d00000, 0x0000000086d00000| Untracked 
|  82|0x0000000086e00000, 0x0000000086e00000, 0x0000000086f00000|  0%| F|  |TAMS 0x0000000086e00000, 0x0000000086e00000| Untracked 
|  83|0x0000000086f00000, 0x0000000086f00000, 0x0000000087000000|  0%| F|  |TAMS 0x0000000086f00000, 0x0000000086f00000| Untracked 
|  84|0x0000000087000000, 0x0000000087000000, 0x0000000087100000|  0%| F|  |TAMS 0x0000000087000000, 0x0000000087000000| Untracked 
|  85|0x0000000087100000, 0x0000000087100000, 0x0000000087200000|  0%| F|  |TAMS 0x0000000087100000, 0x0000000087100000| Untracked 
|  86|0x0000000087200000, 0x0000000087200000, 0x0000000087300000|  0%| F|  |TAMS 0x0000000087200000, 0x0000000087200000| Untracked 
|  87|0x0000000087300000, 0x0000000087300000, 0x0000000087400000|  0%| F|  |TAMS 0x0000000087300000, 0x0000000087300000| Untracked 
|  88|0x0000000087400000, 0x0000000087400000, 0x0000000087500000|  0%| F|  |TAMS 0x0000000087400000, 0x0000000087400000| Untracked 
|  89|0x0000000087500000, 0x0000000087500000, 0x0000000087600000|  0%| F|  |TAMS 0x0000000087500000, 0x0000000087500000| Untracked 
|  90|0x0000000087600000, 0x0000000087600000, 0x0000000087700000|  0%| F|  |TAMS 0x0000000087600000, 0x0000000087600000| Untracked 
|  91|0x0000000087700000, 0x0000000087700000, 0x0000000087800000|  0%| F|  |TAMS 0x0000000087700000, 0x0000000087700000| Untracked 
|  92|0x0000000087800000, 0x0000000087800000, 0x0000000087900000|  0%| F|  |TAMS 0x0000000087800000, 0x0000000087800000| Untracked 
|  93|0x0000000087900000, 0x0000000087900000, 0x0000000087a00000|  0%| F|  |TAMS 0x0000000087900000, 0x0000000087900000| Untracked 
|  94|0x0000000087a00000, 0x0000000087a00000, 0x0000000087b00000|  0%| F|  |TAMS 0x0000000087a00000, 0x0000000087a00000| Untracked 
|  95|0x0000000087b00000, 0x0000000087b00000, 0x0000000087c00000|  0%| F|  |TAMS 0x0000000087b00000, 0x0000000087b00000| Untracked 
|  96|0x0000000087c00000, 0x0000000087c00000, 0x0000000087d00000|  0%| F|  |TAMS 0x0000000087c00000, 0x0000000087c00000| Untracked 
|  97|0x0000000087d00000, 0x0000000087d00000, 0x0000000087e00000|  0%| F|  |TAMS 0x0000000087d00000, 0x0000000087d00000| Untracked 
|  98|0x0000000087e00000, 0x0000000087e00000, 0x0000000087f00000|  0%| F|  |TAMS 0x0000000087e00000, 0x0000000087e00000| Untracked 
|  99|0x0000000087f00000, 0x0000000087f00000, 0x0000000088000000|  0%| F|  |TAMS 0x0000000087f00000, 0x0000000087f00000| Untracked 
| 100|0x0000000088000000, 0x0000000088000000, 0x0000000088100000|  0%| F|  |TAMS 0x0000000088000000, 0x0000000088000000| Untracked 
| 101|0x0000000088100000, 0x0000000088100000, 0x0000000088200000|  0%| F|  |TAMS 0x0000000088100000, 0x0000000088100000| Untracked 
| 102|0x0000000088200000, 0x0000000088200000, 0x0000000088300000|  0%| F|  |TAMS 0x0000000088200000, 0x0000000088200000| Untracked 
| 103|0x0000000088300000, 0x0000000088300000, 0x0000000088400000|  0%| F|  |TAMS 0x0000000088300000, 0x0000000088300000| Untracked 
| 104|0x0000000088400000, 0x0000000088400000, 0x0000000088500000|  0%| F|  |TAMS 0x0000000088400000, 0x0000000088400000| Untracked 
| 105|0x0000000088500000, 0x0000000088500000, 0x0000000088600000|  0%| F|  |TAMS 0x0000000088500000, 0x0000000088500000| Untracked 
| 106|0x0000000088600000, 0x0000000088600000, 0x0000000088700000|  0%| F|  |TAMS 0x0000000088600000, 0x0000000088600000| Untracked 
| 107|0x0000000088700000, 0x0000000088700000, 0x0000000088800000|  0%| F|  |TAMS 0x0000000088700000, 0x0000000088700000| Untracked 
| 108|0x0000000088800000, 0x0000000088800000, 0x0000000088900000|  0%| F|  |TAMS 0x0000000088800000, 0x0000000088800000| Untracked 
| 109|0x0000000088900000, 0x0000000088900000, 0x0000000088a00000|  0%| F|  |TAMS 0x0000000088900000, 0x0000000088900000| Untracked 
| 110|0x0000000088a00000, 0x0000000088a00000, 0x0000000088b00000|  0%| F|  |TAMS 0x0000000088a00000, 0x0000000088a00000| Untracked 
| 111|0x0000000088b00000, 0x0000000088b00000, 0x0000000088c00000|  0%| F|  |TAMS 0x0000000088b00000, 0x0000000088b00000| Untracked 
| 112|0x0000000088c00000, 0x0000000088c00000, 0x0000000088d00000|  0%| F|  |TAMS 0x0000000088c00000, 0x0000000088c00000| Untracked 
| 113|0x0000000088d00000, 0x0000000088d00000, 0x0000000088e00000|  0%| F|  |TAMS 0x0000000088d00000, 0x0000000088d00000| Untracked 
| 114|0x0000000088e00000, 0x0000000088e00000, 0x0000000088f00000|  0%| F|  |TAMS 0x0000000088e00000, 0x0000000088e00000| Untracked 
| 115|0x0000000088f00000, 0x0000000088f00000, 0x0000000089000000|  0%| F|  |TAMS 0x0000000088f00000, 0x0000000088f00000| Untracked 
| 116|0x0000000089000000, 0x0000000089000000, 0x0000000089100000|  0%| F|  |TAMS 0x0000000089000000, 0x0000000089000000| Untracked 
| 117|0x0000000089100000, 0x0000000089100000, 0x0000000089200000|  0%| F|  |TAMS 0x0000000089100000, 0x0000000089100000| Untracked 
| 118|0x0000000089200000, 0x0000000089200000, 0x0000000089300000|  0%| F|  |TAMS 0x0000000089200000, 0x0000000089200000| Untracked 
| 119|0x0000000089300000, 0x0000000089300000, 0x0000000089400000|  0%| F|  |TAMS 0x0000000089300000, 0x0000000089300000| Untracked 
| 120|0x0000000089400000, 0x0000000089400000, 0x0000000089500000|  0%| F|  |TAMS 0x0000000089400000, 0x0000000089400000| Untracked 
| 121|0x0000000089500000, 0x0000000089500000, 0x0000000089600000|  0%| F|  |TAMS 0x0000000089500000, 0x0000000089500000| Untracked 
| 122|0x0000000089600000, 0x0000000089600000, 0x0000000089700000|  0%| F|  |TAMS 0x0000000089600000, 0x0000000089600000| Untracked 
| 123|0x0000000089700000, 0x00000000897d2140, 0x0000000089800000| 82%| E|  |TAMS 0x0000000089700000, 0x0000000089700000| Complete 
| 124|0x0000000089800000, 0x0000000089900000, 0x0000000089900000|100%| E|CS|TAMS 0x0000000089800000, 0x0000000089800000| Complete 
| 125|0x0000000089900000, 0x0000000089a00000, 0x0000000089a00000|100%| E|  |TAMS 0x0000000089900000, 0x0000000089900000| Complete 
| 126|0x0000000089a00000, 0x0000000089b00000, 0x0000000089b00000|100%| E|CS|TAMS 0x0000000089a00000, 0x0000000089a00000| Complete 
| 127|0x0000000089b00000, 0x0000000089c00000, 0x0000000089c00000|100%| E|CS|TAMS 0x0000000089b00000, 0x0000000089b00000| Complete 

Card table byte_map: [0x000002287bdc0000,0x000002287c1c0000] _byte_map_base: 0x000002287b9b2000

Marking Bits (Prev, Next): (CMBitMap*) 0x0000022877df38b8, (CMBitMap*) 0x0000022877df38f0
 Prev Bits: [0x000002287c5c0000, 0x000002287e550000)
 Next Bits: [0x000002280f000000, 0x0000022810f90000)

Polling page: 0x0000022877590000

Metaspace:

Usage:
  Non-class:      6.38 MB capacity,     6.29 MB ( 99%) used,    81.96 KB (  1%) free+waste,     4.75 KB ( <1%) overhead. 
      Class:    707.00 KB capacity,   648.43 KB ( 92%) used,    56.32 KB (  8%) free+waste,     2.25 KB ( <1%) overhead. 
       Both:      7.07 MB capacity,     6.92 MB ( 98%) used,   138.28 KB (  2%) free+waste,     7.00 KB ( <1%) overhead. 

Virtual space:
  Non-class space:        8.00 MB reserved,       6.50 MB ( 81%) committed 
      Class space:        1.00 GB reserved,     768.00 KB ( <1%) committed 
             Both:        1.01 GB reserved,       7.25 MB ( <1%) committed 

Chunk freelists:
   Non-Class:  0 bytes
       Class:  29.00 KB
        Both:  29.00 KB

MaxMetaspaceSize: 17179869184.00 GB
CompressedClassSpaceSize: 1.00 GB

CodeHeap 'non-profiled nmethods': size=120064Kb used=59Kb max_used=59Kb free=120004Kb
 bounds [0x0000022807ac0000, 0x0000022807d30000, 0x000002280f000000]
CodeHeap 'profiled nmethods': size=120000Kb used=229Kb max_used=229Kb free=119770Kb
 bounds [0x0000022800590000, 0x0000022800800000, 0x0000022807ac0000]
CodeHeap 'non-nmethods': size=5696Kb used=1062Kb max_used=1073Kb free=4634Kb
 bounds [0x0000022800000000, 0x0000022800270000, 0x0000022800590000]
 total_blobs=569 nmethods=211 adapters=270
 compilation: enabled
              stopped_count=0, restarted_count=0
 full_count=0

Compilation events (20 events):
Event: 0.218 Thread 0x000002287ea76000 nmethod 183 0x00000228005c4410 code [0x00000228005c46a0, 0x00000228005c5188]
Event: 0.218 Thread 0x000002287ea76000  182       3       java.lang.String::getBytes (44 bytes)
Event: 0.218 Thread 0x000002287ea76000 nmethod 182 0x00000228005c5690 code [0x00000228005c5880, 0x00000228005c5bb8]
Event: 0.219 Thread 0x000002287ea76000  184       1       java.lang.invoke.LambdaForm$BasicType::basicTypeClass (5 bytes)
Event: 0.219 Thread 0x000002287ea76000 nmethod 184 0x0000022807acbf90 code [0x0000022807acc140, 0x0000022807acc1f8]
Event: 0.219 Thread 0x000002287ea76000  186       3       java.lang.invoke.LambdaForm$BasicType::basicType (19 bytes)
Event: 0.219 Thread 0x000002287ea76000 nmethod 186 0x00000228005c5d10 code [0x00000228005c5ee0, 0x00000228005c6118]
Event: 0.219 Thread 0x000002287ea76000  189       3       jdk.internal.org.objectweb.asm.ClassWriter::put (152 bytes)
Event: 0.219 Thread 0x000002287ea76000 nmethod 189 0x00000228005c6290 code [0x00000228005c64c0, 0x00000228005c6d18]
Event: 0.219 Thread 0x000002287ea76000  188       3       java.lang.invoke.MethodType::<init> (15 bytes)
Event: 0.219 Thread 0x000002287ea76000 nmethod 188 0x00000228005c7010 code [0x00000228005c71c0, 0x00000228005c73d8]
Event: 0.220 Thread 0x000002287ea76000  190       3       java.lang.invoke.MethodType::makeImpl (108 bytes)
Event: 0.220 Thread 0x000002287ea76000 nmethod 190 0x00000228005c7490 code [0x00000228005c7760, 0x00000228005c8558]
Event: 0.220 Thread 0x000002287ea76000  191       3       java.lang.Number::<init> (5 bytes)
Event: 0.220 Thread 0x000002287ea76000 nmethod 191 0x00000228005c8a10 code [0x00000228005c8bc0, 0x00000228005c8d18]
Event: 0.220 Thread 0x000002287ea76000  194       3       java.lang.invoke.MemberName::testAllFlags (7 bytes)
Event: 0.220 Thread 0x000002287ea76000 nmethod 194 0x00000228005c8e10 code [0x00000228005c8fc0, 0x00000228005c9178]
Event: 0.220 Thread 0x000002287ea76000  193       3       java.lang.invoke.MemberName::initResolved (53 bytes)
Event: 0.221 Thread 0x000002287ea76000 nmethod 193 0x00000228005c9210 code [0x00000228005c93c0, 0x00000228005c9578]
Event: 0.221 Thread 0x000002287ea76000  197       3       jdk.internal.org.objectweb.asm.Frame::execute (2264 bytes)

GC Heap History (0 events):
No events

Deoptimization events (4 events):
Event: 0.139 Thread 0x0000022877db0800 Uncommon trap: trap_request=0xffffff4d fr.pc=0x0000022807ac417c relative=0x00000000000001dc
Event: 0.139 Thread 0x0000022877db0800 Uncommon trap: reason=unstable_if action=reinterpret pc=0x0000022807ac417c method=java.lang.String.hashCode()I @ 14 c2
Event: 0.139 Thread 0x0000022877db0800 DEOPT PACKING pc=0x0000022807ac417c sp=0x00000057784fdb50
Event: 0.139 Thread 0x0000022877db0800 DEOPT UNPACKING pc=0x00000228000274af sp=0x00000057784fdae8 mode 2

Classes redefined (0 events):
No events

Internal exceptions (0 events):
No events

Events (20 events):
Event: 0.211 loading class java/lang/invoke/BoundMethodHandle$Species_LLL
Event: 0.211 loading class java/lang/invoke/BoundMethodHandle$Species_LLL done
Event: 0.212 loading class java/lang/invoke/BoundMethodHandle$Species_LLLL
Event: 0.212 loading class java/lang/invoke/BoundMethodHandle$Species_LLLL done
Event: 0.216 loading class java/lang/invoke/BoundMethodHandle$Species_LLLLL
Event: 0.216 loading class java/lang/invoke/BoundMethodHandle$Species_LLLLL done
Event: 0.218 loading class java/lang/invoke/BoundMethodHandle$Species_LLLLLL
Event: 0.218 loading class java/lang/invoke/BoundMethodHandle$Species_LLLLLL done
Event: 0.219 loading class java/lang/Byte$ByteCache
Event: 0.219 loading class java/lang/Byte$ByteCache done
Event: 0.219 loading class java/lang/invoke/MethodHandles$1
Event: 0.219 loading class java/lang/invoke/MethodHandles$1 done
Event: 0.219 loading class java/lang/invoke/BoundMethodHandle$Species_LLLLLLI
Event: 0.219 loading class java/lang/invoke/BoundMethodHandle$Species_LLLLLLI done
Event: 0.221 loading class sun/invoke/util/ValueConversions$WrapperCache
Event: 0.221 loading class sun/invoke/util/ValueConversions$WrapperCache done
Event: 0.221 loading class java/lang/invoke/BoundMethodHandle$Species_LLLLLLII
Event: 0.221 loading class java/lang/invoke/BoundMethodHandle$Species_LLLLLLII done
Event: 0.223 loading class java/lang/invoke/BoundMethodHandle$Species_LLLLLLIIL
Event: 0.223 loading class java/lang/invoke/BoundMethodHandle$Species_LLLLLLIIL done


Dynamic libraries:
0x00007ff749790000 - 0x00007ff74979a000 	C:\Program Files\JetBrains\IntelliJ IDEA Community Edition 2020.3.2\jbr\bin\java.exe
0x00007ffe4da50000 - 0x00007ffe4dc45000 	C:\WINDOWS\SYSTEM32\ntdll.dll
0x00007ffe46290000 - 0x00007ffe462a2000 	C:\Program Files (x86)\AVG\Antivirus\aswhook.dll
0x00007ffe4d7d0000 - 0x00007ffe4d88d000 	C:\WINDOWS\System32\KERNEL32.DLL
0x00007ffe4b540000 - 0x00007ffe4b809000 	C:\WINDOWS\System32\KERNELBASE.dll
0x00007ffe4b2e0000 - 0x00007ffe4b3e0000 	C:\WINDOWS\System32\ucrtbase.dll
0x00007ffe2ee60000 - 0x00007ffe2ee77000 	C:\Program Files\JetBrains\IntelliJ IDEA Community Edition 2020.3.2\jbr\bin\VCRUNTIME140.dll
0x00007ffe29790000 - 0x00007ffe297a9000 	C:\Program Files\JetBrains\IntelliJ IDEA Community Edition 2020.3.2\jbr\bin\jli.dll
0x00007ffe4c6d0000 - 0x00007ffe4c870000 	C:\WINDOWS\System32\USER32.dll
0x00007ffe4b860000 - 0x00007ffe4b882000 	C:\WINDOWS\System32\win32u.dll
0x00007ffe4be50000 - 0x00007ffe4be7a000 	C:\WINDOWS\System32\GDI32.dll
0x00007ffe2ffb0000 - 0x00007ffe3024a000 	C:\WINDOWS\WinSxS\amd64_microsoft.windows.common-controls_6595b64144ccf1df_6.0.19041.844_none_ca00b6081b84eb1d\COMCTL32.dll
0x00007ffe4b9a0000 - 0x00007ffe4baab000 	C:\WINDOWS\System32\gdi32full.dll
0x00007ffe4b190000 - 0x00007ffe4b22d000 	C:\WINDOWS\System32\msvcp_win.dll
0x00007ffe4c5b0000 - 0x00007ffe4c64e000 	C:\WINDOWS\System32\msvcrt.dll
0x00007ffe4d7a0000 - 0x00007ffe4d7d0000 	C:\WINDOWS\System32\IMM32.DLL
0x00007ffe0f8a0000 - 0x00007ffe0f93d000 	C:\Program Files\JetBrains\IntelliJ IDEA Community Edition 2020.3.2\jbr\bin\msvcp140.dll
0x00007ffddd5f0000 - 0x00007ffdde0be000 	C:\Program Files\JetBrains\IntelliJ IDEA Community Edition 2020.3.2\jbr\bin\server\jvm.dll
0x00007ffe4be80000 - 0x00007ffe4bf2c000 	C:\WINDOWS\System32\ADVAPI32.dll
0x00007ffe4d900000 - 0x00007ffe4d99c000 	C:\WINDOWS\System32\sechost.dll
0x00007ffe4d200000 - 0x00007ffe4d32b000 	C:\WINDOWS\System32\RPCRT4.dll
0x00007ffe4c100000 - 0x00007ffe4c108000 	C:\WINDOWS\System32\PSAPI.DLL
0x00007ffe41350000 - 0x00007ffe41377000 	C:\WINDOWS\SYSTEM32\WINMM.dll
0x00007ffe406a0000 - 0x00007ffe406a9000 	C:\WINDOWS\SYSTEM32\WSOCK32.dll
0x00007ffe45860000 - 0x00007ffe4586a000 	C:\WINDOWS\SYSTEM32\VERSION.dll
0x00007ffe4d890000 - 0x00007ffe4d8fb000 	C:\WINDOWS\System32\WS2_32.dll
0x00007ffe49ac0000 - 0x00007ffe49ad2000 	C:\WINDOWS\SYSTEM32\kernel.appcore.dll
0x00007ffe3d200000 - 0x00007ffe3d211000 	C:\Program Files\JetBrains\IntelliJ IDEA Community Edition 2020.3.2\jbr\bin\verify.dll
0x00007ffe49730000 - 0x00007ffe49914000 	C:\WINDOWS\SYSTEM32\DBGHELP.DLL
0x00007ffe43c00000 - 0x00007ffe43c2c000 	C:\WINDOWS\SYSTEM32\dbgcore.DLL
0x00007ffe4b230000 - 0x00007ffe4b2b0000 	C:\WINDOWS\System32\bcryptPrimitives.dll
0x00007ffe3d1d0000 - 0x00007ffe3d1f9000 	C:\Program Files\JetBrains\IntelliJ IDEA Community Edition 2020.3.2\jbr\bin\java.dll
0x00007ffe44020000 - 0x00007ffe4402b000 	C:\Program Files\JetBrains\IntelliJ IDEA Community Edition 2020.3.2\jbr\bin\jimage.dll
0x00007ffe3d1b0000 - 0x00007ffe3d1c8000 	C:\Program Files\JetBrains\IntelliJ IDEA Community Edition 2020.3.2\jbr\bin\zip.dll
0x00007ffe4c9c0000 - 0x00007ffe4d102000 	C:\WINDOWS\System32\SHELL32.dll
0x00007ffe48fa0000 - 0x00007ffe49730000 	C:\WINDOWS\SYSTEM32\windows.storage.dll
0x00007ffe4c170000 - 0x00007ffe4c4c5000 	C:\WINDOWS\System32\combase.dll
0x00007ffe4ab30000 - 0x00007ffe4ab5c000 	C:\WINDOWS\SYSTEM32\Wldp.dll
0x00007ffe4bda0000 - 0x00007ffe4be4e000 	C:\WINDOWS\System32\SHCORE.dll
0x00007ffe4bc70000 - 0x00007ffe4bcc5000 	C:\WINDOWS\System32\shlwapi.dll
0x00007ffe4b0d0000 - 0x00007ffe4b0ef000 	C:\WINDOWS\SYSTEM32\profapi.dll
0x00007ffe3d190000 - 0x00007ffe3d1aa000 	C:\Program Files\JetBrains\IntelliJ IDEA Community Edition 2020.3.2\jbr\bin\net.dll
0x00007ffe41510000 - 0x00007ffe4161c000 	C:\WINDOWS\SYSTEM32\WINHTTP.dll
0x00007ffe4a8b0000 - 0x00007ffe4a91a000 	C:\WINDOWS\system32\mswsock.dll
0x00007ffe3d170000 - 0x00007ffe3d184000 	C:\Program Files\JetBrains\IntelliJ IDEA Community Edition 2020.3.2\jbr\bin\nio.dll

dbghelp: loaded successfully - version: 4.0.5 - missing functions: none
symbol engine: initialized successfully - sym options: 0x614 - pdb path: .;C:\Program Files\JetBrains\IntelliJ IDEA Community Edition 2020.3.2\jbr\bin;C:\WINDOWS\SYSTEM32;C:\Program Files (x86)\AVG\Antivirus;C:\WINDOWS\WinSxS\amd64_microsoft.windows.common-controls_6595b64144ccf1df_6.0.19041.844_none_ca00b6081b84eb1d;C:\Program Files\JetBrains\IntelliJ IDEA Community Edition 2020.3.2\jbr\bin\server

VM Arguments:
java_command: org.jetbrains.git4idea.http.GitAskPassApp Password for 'https://omer56778@github.com': 
java_class_path (initial): C:/Program Files/JetBrains/IntelliJ IDEA Community Edition 2020.3.2/plugins/git4idea/lib/git4idea-rt.jar;C:/Program Files/JetBrains/IntelliJ IDEA Community Edition 2020.3.2/lib/xmlrpc-2.0.1.jar;C:/Program Files/JetBrains/IntelliJ IDEA Community Edition 2020.3.2/lib/commons-codec-1.14.jar
Launcher Type: SUN_STANDARD

[Global flags]
     intx CICompilerCount                          = 3                                         {product} {ergonomic}
     uint ConcGCThreads                            = 1                                         {product} {ergonomic}
     uint G1ConcRefinementThreads                  = 4                                         {product} {ergonomic}
   size_t G1HeapRegionSize                         = 1048576                                   {product} {ergonomic}
    uintx GCDrainStackTargetSize                   = 64                                        {product} {ergonomic}
   size_t InitialHeapSize                          = 134217728                                 {product} {ergonomic}
   size_t MarkStackSize                            = 4194304                                   {product} {ergonomic}
   size_t MaxHeapSize                              = 2118123520                                {product} {ergonomic}
   size_t MaxNewSize                               = 1270874112                                {product} {ergonomic}
   size_t MinHeapDeltaBytes                        = 1048576                                   {product} {ergonomic}
    uintx NonNMethodCodeHeapSize                   = 5830732                                {pd product} {ergonomic}
    uintx NonProfiledCodeHeapSize                  = 122913754                              {pd product} {ergonomic}
    uintx ProfiledCodeHeapSize                     = 122913754                              {pd product} {ergonomic}
    uintx ReservedCodeCacheSize                    = 251658240                              {pd product} {ergonomic}
     bool SegmentedCodeCache                       = true                                      {product} {ergonomic}
     bool UseCompressedClassPointers               = true                                 {lp64_product} {ergonomic}
     bool UseCompressedOops                        = true                                 {lp64_product} {ergonomic}
     bool UseG1GC                                  = true                                      {product} {ergonomic}
     bool UseLargePagesIndividualAllocation        = false                                  {pd product} {ergonomic}

Logging:
Log output configuration:
 #0: stdout all=warning uptime,level,tags
 #1: stderr all=off uptime,level,tags

Environment Variables:
JAVA_HOME=C:\Program Files\Java\jdk-15.0.2
PATH=C:/Program Files/Git/mingw64/libexec/git-core;C:/Program Files/Git/mingw64/libexec/git-core;C:\Program Files\Git\mingw64\bin;C:\Program Files\Git\usr\bin;C:\Users\omer\bin;C:\Program Files\Common Files\Oracle\Java\javapath;C:\Program Files (x86)\Common Files\Oracle\Java\javapath;C:\Program Files (x86)\Intel\iCLS Client\;C:\Program Files\Intel\iCLS Client\;C:\WINDOWS\system32;C:\WINDOWS;C:\WINDOWS\System32\Wbem;C:\WINDOWS\System32\WindowsPowerShell\v1.0\;C:\Program Files (x86)\Intel\Intel(R) Management Engine Components\DAL;C:\Program Files\Intel\Intel(R) Management Engine Components\DAL;C:\Program Files (x86)\Intel\Intel(R) Management Engine Components\IPT;C:\Program Files\Intel\Intel(R) Management Engine Components\IPT;C:\Users\omer\.dnx\bin;C:\Program Files\Microsoft DNX\Dnvm\;C:\Program Files\Microsoft SQL Server\130\Tools\Binn\;C:\WINDOWS\System32\OpenSSH\;C:\Program Files\nodejs\;C:\Program Files\Java\jdk-15.0.2\bin;C:\Program Files\Git\cmd;C:\assembly\fasm
USERNAME=omer
DISPLAY=:0.0
LC_ALL=en_US.UTF-8
OS=Windows_NT
PROCESSOR_IDENTIFIER=Intel64 Family 6 Model 142 Stepping 9, GenuineIntel



---------------  S Y S T E M  ---------------

OS: Windows 10 , 64 bit Build 19041 (10.0.19041.804)
OS uptime: 31 days 15:57 hours

CPU:total 4 (initial active 4) (2 cores per cpu, 2 threads per core) family 6 model 142 stepping 9, cmov, cx8, fxsr, mmx, sse, sse2, sse3, ssse3, sse4.1, sse4.2, popcnt, avx, avx2, aes, clmul, erms, 3dnowpref, lzcnt, ht, tsc, tscinvbit, bmi1, bmi2, adx, fma

Memory: 4k page, system-wide physical 8079M (322M free)
TotalPageFile size 32655M (AvailPageFile size 0M)
current process WorkingSet (physical memory assigned to process): 44M, peak: 44M
current process commit charge ("private bytes"): 199M, peak: 199M

vm_info: OpenJDK 64-Bit Server VM (11.0.9.1+11-b1145.77) for windows-amd64 JRE (11.0.9.1+11-b1145.77), built on Jan 16 2021 05:14:13 by "" with MS VC++ 14.0 (VS2015)

END.
